[debug] [2018-02-26T17:06:22.589Z] ----------------------------------------------------------------------
[debug] [2018-02-26T17:06:22.591Z] Command:       /usr/local/bin/node /usr/local/bin/firebase deploy
[debug] [2018-02-26T17:06:22.591Z] CLI Version:   3.17.4
[debug] [2018-02-26T17:06:22.591Z] Platform:      linux
[debug] [2018-02-26T17:06:22.591Z] Node Version:  v8.9.4
[debug] [2018-02-26T17:06:22.591Z] Time:          Mon Feb 26 2018 18:06:22 GMT+0100 (WAT)
[debug] [2018-02-26T17:06:22.592Z] ----------------------------------------------------------------------
[debug] 
[debug] [2018-02-26T17:06:22.599Z] > command requires scopes: ["email","openid","https://www.googleapis.com/auth/cloudplatformprojects.readonly","https://www.googleapis.com/auth/firebase","https://www.googleapis.com/auth/cloud-platform"]
[debug] [2018-02-26T17:06:22.599Z] > authorizing via signed-in user
[debug] [2018-02-26T17:06:22.601Z] >>> HTTP REQUEST GET https://admin.firebase.com/v1/projects/pwagram-e0ce6  
  
 Mon Feb 26 2018 18:06:22 GMT+0100 (WAT)
[debug] [2018-02-26T17:08:11.052Z] ----------------------------------------------------------------------
[debug] [2018-02-26T17:08:11.055Z] Command:       /usr/local/bin/node /usr/local/bin/firebase deploy
[debug] [2018-02-26T17:08:11.056Z] CLI Version:   3.17.4
[debug] [2018-02-26T17:08:11.056Z] Platform:      linux
[debug] [2018-02-26T17:08:11.056Z] Node Version:  v8.9.4
[debug] [2018-02-26T17:08:11.056Z] Time:          Mon Feb 26 2018 18:08:11 GMT+0100 (WAT)
[debug] [2018-02-26T17:08:11.056Z] ----------------------------------------------------------------------
[debug] 
[debug] [2018-02-26T17:08:11.068Z] > command requires scopes: ["email","openid","https://www.googleapis.com/auth/cloudplatformprojects.readonly","https://www.googleapis.com/auth/firebase","https://www.googleapis.com/auth/cloud-platform"]
[debug] [2018-02-26T17:08:11.068Z] > authorizing via signed-in user
[debug] [2018-02-26T17:08:11.070Z] >>> HTTP REQUEST GET https://admin.firebase.com/v1/projects/pwagram-e0ce6  
  
 Mon Feb 26 2018 18:08:11 GMT+0100 (WAT)
[debug] [2018-02-26T17:08:37.607Z] <<< HTTP RESPONSE 200
[debug] [2018-02-26T17:08:37.608Z] >>> HTTP REQUEST GET https://admin.firebase.com/v1/database/pwagram-e0ce6/tokens  
  
 Mon Feb 26 2018 18:08:37 GMT+0100 (WAT)
[debug] [2018-02-26T17:08:41.184Z] <<< HTTP RESPONSE 200
[info] 
[info] === Deploying to 'pwagram-e0ce6'...
[info] 
[info] i  deploying functions, hosting
[debug] [2018-02-26T17:08:42.652Z] > [functions] package.json contents: {
  "name": "functions",
  "description": "Cloud Functions for Firebase",
  "scripts": {
    "serve": "firebase serve --only functions",
    "shell": "firebase experimental:functions:shell",
    "start": "npm run shell",
    "deploy": "firebase deploy --only functions",
    "logs": "firebase functions:log",
    "web-push": "web-push"
  },
  "dependencies": {
    "@google-cloud/storage": "^1.6.0",
    "cors": "^2.8.4",
    "firebase-admin": "^5.8.2",
    "firebase-functions": "^0.8.1",
    "formidable": "^1.1.1",
    "uuid-v4": "^0.1.0",
    "web-push": "^3.2.5"
  },
  "private": true
}
[info] i  functions: ensuring necessary APIs are enabled...
[debug] [2018-02-26T17:08:42.653Z] >>> HTTP REQUEST GET https://servicemanagement.googleapis.com/v1/services/cloudfunctions.googleapis.com/projectSettings/pwagram-e0ce6?view=CONSUMER_VIEW  
  
 Mon Feb 26 2018 18:08:42 GMT+0100 (WAT)
[debug] [2018-02-26T17:08:42.654Z] >>> HTTP REQUEST GET https://servicemanagement.googleapis.com/v1/services/runtimeconfig.googleapis.com/projectSettings/pwagram-e0ce6?view=CONSUMER_VIEW  
  
 Mon Feb 26 2018 18:08:42 GMT+0100 (WAT)
[debug] [2018-02-26T17:08:47.317Z] <<< HTTP RESPONSE 200
[info] ✔  functions: all necessary APIs are enabled
[debug] [2018-02-26T17:08:49.651Z] <<< HTTP RESPONSE 200
[debug] [2018-02-26T17:08:49.652Z] >>> HTTP REQUEST GET https://appengine.googleapis.com/v1/apps/pwagram-e0ce6  
  
 Mon Feb 26 2018 18:08:49 GMT+0100 (WAT)
[debug] [2018-02-26T17:08:49.652Z] >>> HTTP REQUEST GET https://apikeys.googleapis.com/v1/projects/pwagram-e0ce6/apiKeys  
  
 Mon Feb 26 2018 18:08:49 GMT+0100 (WAT)
[debug] [2018-02-26T17:08:51.384Z] <<< HTTP RESPONSE 200
[debug] [2018-02-26T17:09:12.614Z] <<< HTTP RESPONSE 200
[info] i  functions: preparing functions directory for uploading...
[debug] [2018-02-26T17:09:12.616Z] >>> HTTP REQUEST GET https://runtimeconfig.googleapis.com/v1beta1/projects/pwagram-e0ce6/configs  
  
 Mon Feb 26 2018 18:09:12 GMT+0100 (WAT)
[debug] [2018-02-26T17:09:14.043Z] <<< HTTP RESPONSE 200
[info] i  functions: packaged functions (32.19 KB) for uploading
[debug] [2018-02-26T17:09:14.560Z] >>> HTTP REQUEST GET https://www.googleapis.com/storage/v1/b/staging.pwagram-e0ce6.appspot.com  
  
 Mon Feb 26 2018 18:09:14 GMT+0100 (WAT)
[warn] ⚠  functions: Upload Error: Cannot read property 'response' of undefined
[info] i  hosting: preparing public directory for upload...
[debug] [2018-02-26T17:09:39.697Z] >>> HTTP REQUEST PUT https://deploy.firebase.com/v1/hosting/pwagram-e0ce6/uploads/-L6I4jHDH7A3tJr6dEm9?fileCount=41&message=  
  
 Mon Feb 26 2018 18:09:39 GMT+0100 (WAT)
[debug] [2018-02-26T17:10:11.897Z] <<< HTTP RESPONSE 200
[debug] [2018-02-26T17:10:11.898Z] [hosting] .tgz uploaded successfully, waiting for extraction
[info] ✔  hosting: 41 files uploaded successfully
[debug] [2018-02-26T17:10:14.822Z] >>> HTTP REQUEST GET https://cloudfunctions.googleapis.com/v1/projects/pwagram-e0ce6/locations/us-central1/functions  
  
 Mon Feb 26 2018 18:10:14 GMT+0100 (WAT)
[debug] [2018-02-26T17:10:17.738Z] <<< HTTP RESPONSE 200
[info] i  functions: updating function storePostData...
[debug] [2018-02-26T17:10:17.744Z] Trigger is:  {"httpsTrigger":{}}
[debug] [2018-02-26T17:10:17.748Z] >>> HTTP REQUEST PATCH https://cloudfunctions.googleapis.com/v1/projects/pwagram-e0ce6/locations/us-central1/functions/storePostData 
query params: {"updateMask":"sourceArchiveUrl,name,labels,httpsTrigger"} 
 { sourceArchiveUrl: 'gs://staging.pwagram-e0ce6.appspot.com/firebase-functions-source',
  name: 'projects/pwagram-e0ce6/locations/us-central1/functions/storePostData',
  labels: { 'deployment-tool': 'cli-firebase' },
  httpsTrigger: {} } 
 Mon Feb 26 2018 18:10:17 GMT+0100 (WAT)
[debug] [2018-02-26T17:10:20.615Z] <<< HTTP RESPONSE 200
[debug] [2018-02-26T17:10:20.621Z] >>> HTTP REQUEST GET https://cloudfunctions.googleapis.com/v1/projects/pwagram-e0ce6/locations/us-central1/functions  
  
 Mon Feb 26 2018 18:10:20 GMT+0100 (WAT)
